<?xml version="1.0" encoding="UTF-8"?>
<!-- Generated by org.testng.reporters.JUnitXMLReporter -->
<testsuite ignored="0" hostname="DESKTOP-3RHD9BG" failures="0" tests="4" name="Test" time="15.842" errors="0" timestamp="2025-10-08T16:13:06 IST">
  <testcase classname="test_cases.TC001_AccountRegistartionTest" name="Verify_Account_RegistartionPage" time="1.96"/>
  <testcase classname="test_cases.TC002_loginPage" name="Verify_Login_Page" time="1.486"/>
  <testcase classname="test_cases.TC003_Verify_Search_button" name="Verify_Login_Page" time="2.112"/>
  <testcase classname="test_cases.TC004_Verify_MouseHover_Component" name="VerifyMouseHover" time="1.688"/>
</testsuite> <!-- Test -->
