<?xml version="1.0" encoding="UTF-8"?>
<!-- Generated by org.testng.reporters.JUnitXMLReporter -->
<testsuite ignored="0" hostname="DESKTOP-3RHD9BG" failures="0" tests="7" name="Test" time="27.591" errors="0" timestamp="2025-11-16T12:03:42 IST">
  <testcase classname="test_cases.TC001_AccountRegistartionTest" name="Verify_Account_RegistartionPage" time="2.644"/>
  <testcase classname="test_cases.TC002_loginPage" name="Verify_Login_Page" time="1.615"/>
  <testcase classname="test_cases.TC003_Verify_Search_button" name="Verify_Login_Page" time="2.317"/>
  <testcase classname="test_cases.TC004_Verify_MouseHover_Component" name="VerifyMouseHover" time="1.675"/>
  <testcase classname="test_cases.TC006_VerifyMyAccountOptionsDisplays" name="verifyOptions" time="1.859"/>
  <testcase classname="test_cases.TC007_VerifyMenuOptionsHomePage" name="verifyOptions" time="1.562"/>
  <testcase classname="test_cases.TC008_VerifyComponentDropDownOptionsHomePage" name="verifyOptions" time="1.994"/>
</testsuite> <!-- Test -->
