<?xml version="1.0" encoding="UTF-8"?>
<!-- Generated by org.testng.reporters.JUnitXMLReporter -->
<testsuite ignored="0" hostname="DESKTOP-3RHD9BG" failures="0" tests="3" name="Test" time="11.893" errors="0" timestamp="2025-10-08T15:42:14 IST">
  <testcase classname="test_cases.TC001_AccountRegistartionTest" name="Verify_Account_RegistartionPage" time="1.988"/>
  <testcase classname="test_cases.TC002_loginPage" name="Verify_Login_Page" time="1.357"/>
  <testcase classname="test_cases.TC003_Verify_Search_button" name="Verify_Login_Page" time="2.051"/>
</testsuite> <!-- Test -->
