<?xml version="1.0" encoding="UTF-8"?>
<testng-results ignored="0" total="7" passed="7" failed="0" skipped="0">
  <reporter-output>
  </reporter-output>
  <suite started-at="2025-11-16T12:03:14 IST" name="Suite" finished-at="2025-11-16T12:03:42 IST" duration-ms="27591">
    <groups>
    </groups>
    <test started-at="2025-11-16T12:03:14 IST" name="Test" finished-at="2025-11-16T12:03:42 IST" duration-ms="27591">
      <class name="test_cases.TC003_Verify_Search_button">
        <test-method is-config="true" signature="SetUp(java.lang.String)[pri:0, instance:test_cases.TC003_Verify_Search_button@5c7933ad]" started-at="2025-11-16T12:03:23 IST" name="SetUp" finished-at="2025-11-16T12:03:25 IST" duration-ms="1753" status="PASS">
          <params>
            <param index="0">
              <value>
                <![CDATA[chrome]]>
              </value>
            </param>
          </params>
          <reporter-output>
          </reporter-output>
        </test-method> <!-- SetUp -->
        <test-method signature="Verify_Login_Page()[pri:0, instance:test_cases.TC003_Verify_Search_button@5c7933ad]" started-at="2025-11-16T12:03:25 IST" name="Verify_Login_Page" finished-at="2025-11-16T12:03:27 IST" duration-ms="2317" status="PASS">
          <reporter-output>
          </reporter-output>
        </test-method> <!-- Verify_Login_Page -->
        <test-method is-config="true" signature="Tearup()[pri:0, instance:test_cases.TC003_Verify_Search_button@5c7933ad]" started-at="2025-11-16T12:03:27 IST" name="Tearup" finished-at="2025-11-16T12:03:27 IST" duration-ms="180" status="PASS">
          <reporter-output>
          </reporter-output>
        </test-method> <!-- Tearup -->
      </class> <!-- test_cases.TC003_Verify_Search_button -->
      <class name="test_cases.TC008_VerifyComponentDropDownOptionsHomePage">
        <test-method is-config="true" signature="SetUp(java.lang.String)[pri:0, instance:test_cases.TC008_VerifyComponentDropDownOptionsHomePage@5e7cd6cc]" started-at="2025-11-16T12:03:38 IST" name="SetUp" finished-at="2025-11-16T12:03:40 IST" duration-ms="1637" status="PASS">
          <params>
            <param index="0">
              <value>
                <![CDATA[chrome]]>
              </value>
            </param>
          </params>
          <reporter-output>
          </reporter-output>
        </test-method> <!-- SetUp -->
        <test-method signature="verifyOptions()[pri:0, instance:test_cases.TC008_VerifyComponentDropDownOptionsHomePage@5e7cd6cc]" started-at="2025-11-16T12:03:40 IST" name="verifyOptions" finished-at="2025-11-16T12:03:42 IST" duration-ms="1994" status="PASS">
          <reporter-output>
          </reporter-output>
        </test-method> <!-- verifyOptions -->
        <test-method is-config="true" signature="Tearup()[pri:0, instance:test_cases.TC008_VerifyComponentDropDownOptionsHomePage@5e7cd6cc]" started-at="2025-11-16T12:03:42 IST" name="Tearup" finished-at="2025-11-16T12:03:42 IST" duration-ms="189" status="PASS">
          <reporter-output>
          </reporter-output>
        </test-method> <!-- Tearup -->
      </class> <!-- test_cases.TC008_VerifyComponentDropDownOptionsHomePage -->
      <class name="test_cases.TC002_loginPage">
        <test-method is-config="true" signature="SetUp(java.lang.String)[pri:0, instance:test_cases.TC002_loginPage@790da477]" started-at="2025-11-16T12:03:20 IST" name="SetUp" finished-at="2025-11-16T12:03:21 IST" duration-ms="1653" status="PASS">
          <params>
            <param index="0">
              <value>
                <![CDATA[chrome]]>
              </value>
            </param>
          </params>
          <reporter-output>
          </reporter-output>
        </test-method> <!-- SetUp -->
        <test-method signature="Verify_Login_Page()[pri:0, instance:test_cases.TC002_loginPage@790da477]" started-at="2025-11-16T12:03:21 IST" name="Verify_Login_Page" finished-at="2025-11-16T12:03:23 IST" duration-ms="1615" status="PASS">
          <reporter-output>
          </reporter-output>
        </test-method> <!-- Verify_Login_Page -->
        <test-method is-config="true" signature="Tearup()[pri:0, instance:test_cases.TC002_loginPage@790da477]" started-at="2025-11-16T12:03:23 IST" name="Tearup" finished-at="2025-11-16T12:03:23 IST" duration-ms="329" status="PASS">
          <reporter-output>
          </reporter-output>
        </test-method> <!-- Tearup -->
      </class> <!-- test_cases.TC002_loginPage -->
      <class name="test_cases.TC001_AccountRegistartionTest">
        <test-method is-config="true" signature="SetUp(java.lang.String)[pri:0, instance:test_cases.TC001_AccountRegistartionTest@26abb146]" started-at="2025-11-16T12:03:14 IST" name="SetUp" finished-at="2025-11-16T12:03:17 IST" duration-ms="2361" status="PASS">
          <params>
            <param index="0">
              <value>
                <![CDATA[chrome]]>
              </value>
            </param>
          </params>
          <reporter-output>
          </reporter-output>
        </test-method> <!-- SetUp -->
        <test-method signature="Verify_Account_RegistartionPage()[pri:0, instance:test_cases.TC001_AccountRegistartionTest@26abb146]" started-at="2025-11-16T12:03:17 IST" name="Verify_Account_RegistartionPage" finished-at="2025-11-16T12:03:19 IST" duration-ms="2644" status="PASS">
          <reporter-output>
          </reporter-output>
        </test-method> <!-- Verify_Account_RegistartionPage -->
        <test-method is-config="true" signature="Tearup()[pri:0, instance:test_cases.TC001_AccountRegistartionTest@26abb146]" started-at="2025-11-16T12:03:19 IST" name="Tearup" finished-at="2025-11-16T12:03:20 IST" duration-ms="199" status="PASS">
          <reporter-output>
          </reporter-output>
        </test-method> <!-- Tearup -->
      </class> <!-- test_cases.TC001_AccountRegistartionTest -->
      <class name="test_cases.TC004_Verify_MouseHover_Component">
        <test-method is-config="true" signature="SetUp(java.lang.String)[pri:0, instance:test_cases.TC004_Verify_MouseHover_Component@57bc27f5]" started-at="2025-11-16T12:03:27 IST" name="SetUp" finished-at="2025-11-16T12:03:29 IST" duration-ms="1693" status="PASS">
          <params>
            <param index="0">
              <value>
                <![CDATA[chrome]]>
              </value>
            </param>
          </params>
          <reporter-output>
          </reporter-output>
        </test-method> <!-- SetUp -->
        <test-method signature="VerifyMouseHover()[pri:0, instance:test_cases.TC004_Verify_MouseHover_Component@57bc27f5]" started-at="2025-11-16T12:03:29 IST" name="VerifyMouseHover" finished-at="2025-11-16T12:03:31 IST" duration-ms="1675" status="PASS">
          <reporter-output>
          </reporter-output>
        </test-method> <!-- VerifyMouseHover -->
        <test-method is-config="true" signature="Tearup()[pri:0, instance:test_cases.TC004_Verify_MouseHover_Component@57bc27f5]" started-at="2025-11-16T12:03:31 IST" name="Tearup" finished-at="2025-11-16T12:03:31 IST" duration-ms="185" status="PASS">
          <reporter-output>
          </reporter-output>
        </test-method> <!-- Tearup -->
      </class> <!-- test_cases.TC004_Verify_MouseHover_Component -->
      <class name="test_cases.TC006_VerifyMyAccountOptionsDisplays">
        <test-method is-config="true" signature="SetUp(java.lang.String)[pri:0, instance:test_cases.TC006_VerifyMyAccountOptionsDisplays@5fb759d6]" started-at="2025-11-16T12:03:31 IST" name="SetUp" finished-at="2025-11-16T12:03:33 IST" duration-ms="1614" status="PASS">
          <params>
            <param index="0">
              <value>
                <![CDATA[chrome]]>
              </value>
            </param>
          </params>
          <reporter-output>
          </reporter-output>
        </test-method> <!-- SetUp -->
        <test-method signature="verifyOptions()[pri:0, instance:test_cases.TC006_VerifyMyAccountOptionsDisplays@5fb759d6]" started-at="2025-11-16T12:03:33 IST" name="verifyOptions" finished-at="2025-11-16T12:03:34 IST" duration-ms="1859" status="PASS">
          <reporter-output>
          </reporter-output>
        </test-method> <!-- verifyOptions -->
        <test-method is-config="true" signature="Tearup()[pri:0, instance:test_cases.TC006_VerifyMyAccountOptionsDisplays@5fb759d6]" started-at="2025-11-16T12:03:34 IST" name="Tearup" finished-at="2025-11-16T12:03:35 IST" duration-ms="248" status="PASS">
          <reporter-output>
          </reporter-output>
        </test-method> <!-- Tearup -->
      </class> <!-- test_cases.TC006_VerifyMyAccountOptionsDisplays -->
      <class name="test_cases.TC007_VerifyMenuOptionsHomePage">
        <test-method is-config="true" signature="SetUp(java.lang.String)[pri:0, instance:test_cases.TC007_VerifyMenuOptionsHomePage@4b8d604b]" started-at="2025-11-16T12:03:35 IST" name="SetUp" finished-at="2025-11-16T12:03:36 IST" duration-ms="1625" status="PASS">
          <params>
            <param index="0">
              <value>
                <![CDATA[chrome]]>
              </value>
            </param>
          </params>
          <reporter-output>
          </reporter-output>
        </test-method> <!-- SetUp -->
        <test-method signature="verifyOptions()[pri:0, instance:test_cases.TC007_VerifyMenuOptionsHomePage@4b8d604b]" started-at="2025-11-16T12:03:36 IST" name="verifyOptions" finished-at="2025-11-16T12:03:38 IST" duration-ms="1562" status="PASS">
          <reporter-output>
          </reporter-output>
        </test-method> <!-- verifyOptions -->
        <test-method is-config="true" signature="Tearup()[pri:0, instance:test_cases.TC007_VerifyMenuOptionsHomePage@4b8d604b]" started-at="2025-11-16T12:03:38 IST" name="Tearup" finished-at="2025-11-16T12:03:38 IST" duration-ms="195" status="PASS">
          <reporter-output>
          </reporter-output>
        </test-method> <!-- Tearup -->
      </class> <!-- test_cases.TC007_VerifyMenuOptionsHomePage -->
    </test> <!-- Test -->
  </suite> <!-- Suite -->
</testng-results>
