<?xml version="1.0" encoding="UTF-8"?>
<!-- Generated by org.testng.reporters.JUnitXMLReporter -->
<testsuite ignored="12" hostname="DESKTOP-3RHD9BG" failures="0" tests="7" name="ChromeTest" time="65.301" errors="0" timestamp="2025-12-10T12:36:16 IST">
  <testcase classname="test_cases.TC001_AccountRegistartionTest" name="Verify_Account_RegistartionPage" time="6.016"/>
  <testcase classname="test_cases.TC002_loginPage" name="Verify_Login_Page" time="3.002"/>
  <testcase classname="test_cases.TC003_Verify_Search_button" name="Verify_Login_Page" time="6.55"/>
  <testcase classname="test_cases.TC004_Verify_MouseHover_Component" name="VerifyMouseHover" time="2.382"/>
  <testcase classname="test_cases.TC006_VerifyMyAccountOptionsDisplays" name="verifyOptions" time="3.808"/>
  <testcase classname="test_cases.TC007_VerifyMenuOptionsHomePage" name="verifyOptions" time="3.723"/>
  <testcase classname="test_cases.TC008_VerifyComponentDropDownOptionsHomePage" name="verifyOptions" time="5.052"/>
  <testcase classname="test_base.BaseClass" name="@BeforeSuite startReport" time="0.0">
    <ignored/>
  </testcase> <!-- @BeforeSuite startReport -->
  <testcase classname="test_base.BaseClass" name="@BeforeSuite startReport" time="0.0">
    <ignored/>
  </testcase> <!-- @BeforeSuite startReport -->
  <testcase classname="test_base.BaseClass" name="@AfterSuite endReport" time="0.0">
    <ignored/>
  </testcase> <!-- @AfterSuite endReport -->
  <testcase classname="test_base.BaseClass" name="@BeforeSuite startReport" time="0.0">
    <ignored/>
  </testcase> <!-- @BeforeSuite startReport -->
  <testcase classname="test_base.BaseClass" name="@AfterSuite endReport" time="0.0">
    <ignored/>
  </testcase> <!-- @AfterSuite endReport -->
  <testcase classname="test_base.BaseClass" name="@AfterSuite endReport" time="0.0">
    <ignored/>
  </testcase> <!-- @AfterSuite endReport -->
  <testcase classname="test_base.BaseClass" name="@AfterSuite endReport" time="0.0">
    <ignored/>
  </testcase> <!-- @AfterSuite endReport -->
  <testcase classname="test_base.BaseClass" name="@BeforeSuite startReport" time="0.0">
    <ignored/>
  </testcase> <!-- @BeforeSuite startReport -->
  <testcase classname="test_base.BaseClass" name="@AfterSuite endReport" time="0.0">
    <ignored/>
  </testcase> <!-- @AfterSuite endReport -->
  <testcase classname="test_base.BaseClass" name="@AfterSuite endReport" time="0.0">
    <ignored/>
  </testcase> <!-- @AfterSuite endReport -->
  <testcase classname="test_base.BaseClass" name="@BeforeSuite startReport" time="0.0">
    <ignored/>
  </testcase> <!-- @BeforeSuite startReport -->
  <testcase classname="test_base.BaseClass" name="@BeforeSuite startReport" time="0.0">
    <ignored/>
  </testcase> <!-- @BeforeSuite startReport -->
</testsuite> <!-- ChromeTest -->
