<?xml version="1.0" encoding="UTF-8"?>
<!-- Generated by org.testng.reporters.JUnitXMLReporter -->
<testsuite ignored="12" hostname="DESKTOP-3RHD9BG" failures="0" tests="7" name="EdgeTest" time="74.374" errors="0" timestamp="2025-12-10T12:36:25 IST">
  <testcase classname="test_cases.TC001_AccountRegistartionTest" name="Verify_Account_RegistartionPage" time="5.129"/>
  <testcase classname="test_cases.TC002_loginPage" name="Verify_Login_Page" time="5.342"/>
  <testcase classname="test_cases.TC003_Verify_Search_button" name="Verify_Login_Page" time="5.741"/>
  <testcase classname="test_cases.TC004_Verify_MouseHover_Component" name="VerifyMouseHover" time="2.901"/>
  <testcase classname="test_cases.TC006_VerifyMyAccountOptionsDisplays" name="verifyOptions" time="2.852"/>
  <testcase classname="test_cases.TC007_VerifyMenuOptionsHomePage" name="verifyOptions" time="2.28"/>
  <testcase classname="test_cases.TC008_VerifyComponentDropDownOptionsHomePage" name="verifyOptions" time="3.171"/>
  <testcase classname="test_base.BaseClass" name="@AfterSuite endReport" time="0.0">
    <ignored/>
  </testcase> <!-- @AfterSuite endReport -->
  <testcase classname="test_base.BaseClass" name="@BeforeSuite startReport" time="0.0">
    <ignored/>
  </testcase> <!-- @BeforeSuite startReport -->
  <testcase classname="test_base.BaseClass" name="@BeforeSuite startReport" time="0.0">
    <ignored/>
  </testcase> <!-- @BeforeSuite startReport -->
  <testcase classname="test_base.BaseClass" name="@BeforeSuite startReport" time="0.0">
    <ignored/>
  </testcase> <!-- @BeforeSuite startReport -->
  <testcase classname="test_base.BaseClass" name="@AfterSuite endReport" time="0.0">
    <ignored/>
  </testcase> <!-- @AfterSuite endReport -->
  <testcase classname="test_base.BaseClass" name="@BeforeSuite startReport" time="0.0">
    <ignored/>
  </testcase> <!-- @BeforeSuite startReport -->
  <testcase classname="test_base.BaseClass" name="@AfterSuite endReport" time="0.0">
    <ignored/>
  </testcase> <!-- @AfterSuite endReport -->
  <testcase classname="test_base.BaseClass" name="@AfterSuite endReport" time="0.0">
    <ignored/>
  </testcase> <!-- @AfterSuite endReport -->
  <testcase classname="test_base.BaseClass" name="@AfterSuite endReport" time="0.0">
    <ignored/>
  </testcase> <!-- @AfterSuite endReport -->
  <testcase classname="test_base.BaseClass" name="@BeforeSuite startReport" time="0.0">
    <ignored/>
  </testcase> <!-- @BeforeSuite startReport -->
  <testcase classname="test_base.BaseClass" name="@BeforeSuite startReport" time="0.0">
    <ignored/>
  </testcase> <!-- @BeforeSuite startReport -->
  <testcase classname="test_base.BaseClass" name="@AfterSuite endReport" time="0.0">
    <ignored/>
  </testcase> <!-- @AfterSuite endReport -->
</testsuite> <!-- EdgeTest -->
