<?xml version="1.0" encoding="UTF-8"?>
<testng-results ignored="0" total="4" passed="4" failed="0" skipped="0">
  <reporter-output>
  </reporter-output>
  <suite started-at="2025-10-08T16:12:49 IST" name="Suite" finished-at="2025-10-08T16:13:05 IST" duration-ms="15842">
    <groups>
    </groups>
    <test started-at="2025-10-08T16:12:49 IST" name="Test" finished-at="2025-10-08T16:13:05 IST" duration-ms="15842">
      <class name="test_cases.TC003_Verify_Search_button">
        <test-method is-config="true" signature="SetUp(java.lang.String)[pri:0, instance:test_cases.TC003_Verify_Search_button@421bba99]" started-at="2025-10-08T16:12:58 IST" name="SetUp" finished-at="2025-10-08T16:12:59 IST" duration-ms="1648" status="PASS">
          <params>
            <param index="0">
              <value>
                <![CDATA[chrome]]>
              </value>
            </param>
          </params>
          <reporter-output>
          </reporter-output>
        </test-method> <!-- SetUp -->
        <test-method signature="Verify_Login_Page()[pri:0, instance:test_cases.TC003_Verify_Search_button@421bba99]" started-at="2025-10-08T16:12:59 IST" name="Verify_Login_Page" finished-at="2025-10-08T16:13:01 IST" duration-ms="2112" status="PASS">
          <reporter-output>
          </reporter-output>
        </test-method> <!-- Verify_Login_Page -->
        <test-method is-config="true" signature="Tearup()[pri:0, instance:test_cases.TC003_Verify_Search_button@421bba99]" started-at="2025-10-08T16:13:01 IST" name="Tearup" finished-at="2025-10-08T16:13:02 IST" duration-ms="198" status="PASS">
          <reporter-output>
          </reporter-output>
        </test-method> <!-- Tearup -->
      </class> <!-- test_cases.TC003_Verify_Search_button -->
      <class name="test_cases.TC002_loginPage">
        <test-method is-config="true" signature="SetUp(java.lang.String)[pri:0, instance:test_cases.TC002_loginPage@6ee6f53]" started-at="2025-10-08T16:12:54 IST" name="SetUp" finished-at="2025-10-08T16:12:56 IST" duration-ms="1672" status="PASS">
          <params>
            <param index="0">
              <value>
                <![CDATA[chrome]]>
              </value>
            </param>
          </params>
          <reporter-output>
          </reporter-output>
        </test-method> <!-- SetUp -->
        <test-method signature="Verify_Login_Page()[pri:0, instance:test_cases.TC002_loginPage@6ee6f53]" started-at="2025-10-08T16:12:56 IST" name="Verify_Login_Page" finished-at="2025-10-08T16:12:58 IST" duration-ms="1486" status="PASS">
          <reporter-output>
          </reporter-output>
        </test-method> <!-- Verify_Login_Page -->
        <test-method is-config="true" signature="Tearup()[pri:0, instance:test_cases.TC002_loginPage@6ee6f53]" started-at="2025-10-08T16:12:58 IST" name="Tearup" finished-at="2025-10-08T16:12:58 IST" duration-ms="208" status="PASS">
          <reporter-output>
          </reporter-output>
        </test-method> <!-- Tearup -->
      </class> <!-- test_cases.TC002_loginPage -->
      <class name="test_cases.TC001_AccountRegistartionTest">
        <test-method is-config="true" signature="SetUp(java.lang.String)[pri:0, instance:test_cases.TC001_AccountRegistartionTest@6d1ef78d]" started-at="2025-10-08T16:12:50 IST" name="SetUp" finished-at="2025-10-08T16:12:52 IST" duration-ms="2638" status="PASS">
          <params>
            <param index="0">
              <value>
                <![CDATA[chrome]]>
              </value>
            </param>
          </params>
          <reporter-output>
          </reporter-output>
        </test-method> <!-- SetUp -->
        <test-method signature="Verify_Account_RegistartionPage()[pri:0, instance:test_cases.TC001_AccountRegistartionTest@6d1ef78d]" started-at="2025-10-08T16:12:52 IST" name="Verify_Account_RegistartionPage" finished-at="2025-10-08T16:12:54 IST" duration-ms="1960" status="PASS">
          <reporter-output>
          </reporter-output>
        </test-method> <!-- Verify_Account_RegistartionPage -->
        <test-method is-config="true" signature="Tearup()[pri:0, instance:test_cases.TC001_AccountRegistartionTest@6d1ef78d]" started-at="2025-10-08T16:12:54 IST" name="Tearup" finished-at="2025-10-08T16:12:54 IST" duration-ms="218" status="PASS">
          <reporter-output>
          </reporter-output>
        </test-method> <!-- Tearup -->
      </class> <!-- test_cases.TC001_AccountRegistartionTest -->
      <class name="test_cases.TC004_Verify_MouseHover_Component">
        <test-method is-config="true" signature="SetUp(java.lang.String)[pri:0, instance:test_cases.TC004_Verify_MouseHover_Component@5d12a356]" started-at="2025-10-08T16:13:02 IST" name="SetUp" finished-at="2025-10-08T16:13:03 IST" duration-ms="1733" status="PASS">
          <params>
            <param index="0">
              <value>
                <![CDATA[chrome]]>
              </value>
            </param>
          </params>
          <reporter-output>
          </reporter-output>
        </test-method> <!-- SetUp -->
        <test-method signature="VerifyMouseHover()[pri:0, instance:test_cases.TC004_Verify_MouseHover_Component@5d12a356]" started-at="2025-10-08T16:13:03 IST" name="VerifyMouseHover" finished-at="2025-10-08T16:13:05 IST" duration-ms="1688" status="PASS">
          <reporter-output>
          </reporter-output>
        </test-method> <!-- VerifyMouseHover -->
        <test-method is-config="true" signature="Tearup()[pri:0, instance:test_cases.TC004_Verify_MouseHover_Component@5d12a356]" started-at="2025-10-08T16:13:05 IST" name="Tearup" finished-at="2025-10-08T16:13:05 IST" duration-ms="219" status="PASS">
          <reporter-output>
          </reporter-output>
        </test-method> <!-- Tearup -->
      </class> <!-- test_cases.TC004_Verify_MouseHover_Component -->
    </test> <!-- Test -->
  </suite> <!-- Suite -->
</testng-results>
