<?xml version="1.0" encoding="UTF-8"?>
<!-- Generated by org.testng.reporters.JUnitReportReporter -->
<testsuite hostname="DESKTOP-3RHD9BG" failures="0" tests="3" name="test_cases.TC002_loginPage" time="33.659" errors="0" timestamp="2025-12-10T12:36:56 IST" skipped="0">
  <testcase classname="test_cases.TC002_loginPage" name="Verify_Login_Page" time="8.851"/>
  <testcase classname="test_cases.TC002_loginPage" name="Verify_Login_Page" time="9.010"/>
  <testcase classname="test_cases.TC002_loginPage" name="Verify_Login_Page" time="15.798"/>
</testsuite> <!-- test_cases.TC002_loginPage -->
