<?xml version="1.0" encoding="UTF-8"?>
<!-- Generated by org.testng.reporters.JUnitReportReporter -->
<testsuite hostname="DESKTOP-3RHD9BG" failures="0" tests="3" name="test_cases.TC001_AccountRegistartionTest" time="53.253" errors="0" timestamp="2025-12-10T12:36:56 IST" skipped="0">
  <testcase classname="test_cases.TC001_AccountRegistartionTest" name="Verify_Account_RegistartionPage" time="19.657"/>
  <testcase classname="test_cases.TC001_AccountRegistartionTest" name="Verify_Account_RegistartionPage" time="20.136"/>
  <testcase classname="test_cases.TC001_AccountRegistartionTest" name="Verify_Account_RegistartionPage" time="13.460"/>
</testsuite> <!-- test_cases.TC001_AccountRegistartionTest -->
