<?xml version="1.0" encoding="UTF-8"?>
<!-- Generated by org.testng.reporters.JUnitReportReporter -->
<testsuite hostname="DESKTOP-3RHD9BG" failures="0" tests="3" name="test_cases.TC007_VerifyMenuOptionsHomePage" time="35.045" errors="0" timestamp="2025-12-10T12:36:56 IST" skipped="0">
  <testcase classname="test_cases.TC007_VerifyMenuOptionsHomePage" name="verifyOptions" time="12.080"/>
  <testcase classname="test_cases.TC007_VerifyMenuOptionsHomePage" name="verifyOptions" time="14.209"/>
  <testcase classname="test_cases.TC007_VerifyMenuOptionsHomePage" name="verifyOptions" time="8.756"/>
</testsuite> <!-- test_cases.TC007_VerifyMenuOptionsHomePage -->
