<?xml version="1.0" encoding="UTF-8"?>
<!-- Generated by org.testng.reporters.JUnitReportReporter -->
<testsuite hostname="DESKTOP-3RHD9BG" failures="0" tests="3" name="test_cases.TC006_VerifyMyAccountOptionsDisplays" time="25.323" errors="0" timestamp="2025-12-10T12:36:56 IST" skipped="0">
  <testcase classname="test_cases.TC006_VerifyMyAccountOptionsDisplays" name="verifyOptions" time="9.157"/>
  <testcase classname="test_cases.TC006_VerifyMyAccountOptionsDisplays" name="verifyOptions" time="7.679"/>
  <testcase classname="test_cases.TC006_VerifyMyAccountOptionsDisplays" name="verifyOptions" time="8.487"/>
</testsuite> <!-- test_cases.TC006_VerifyMyAccountOptionsDisplays -->
