<?xml version="1.0" encoding="UTF-8"?>
<!-- Generated by org.testng.reporters.JUnitReportReporter -->
<testsuite hostname="DESKTOP-3RHD9BG" failures="0" tests="3" name="test_cases.TC008_VerifyComponentDropDownOptionsHomePage" time="25.098" errors="0" timestamp="2025-12-10T12:36:56 IST" skipped="0">
  <testcase classname="test_cases.TC008_VerifyComponentDropDownOptionsHomePage" name="verifyOptions" time="7.427"/>
  <testcase classname="test_cases.TC008_VerifyComponentDropDownOptionsHomePage" name="verifyOptions" time="7.942"/>
  <testcase classname="test_cases.TC008_VerifyComponentDropDownOptionsHomePage" name="verifyOptions" time="9.729"/>
</testsuite> <!-- test_cases.TC008_VerifyComponentDropDownOptionsHomePage -->
