<?xml version="1.0" encoding="UTF-8"?>
<!-- Generated by org.testng.reporters.JUnitReportReporter -->
<testsuite hostname="DESKTOP-3RHD9BG" failures="0" tests="3" name="test_cases.TC002_loginPage" time="4.384" errors="0" timestamp="2025-09-26T12:06:42 IST" skipped="0">
  <testcase classname="test_cases.TC002_loginPage" name="Verify_Login_Page" time="1.436"/>
  <testcase classname="test_cases.TC002_loginPage" name="Verify_Login_Page" time="1.467"/>
  <testcase classname="test_cases.TC002_loginPage" name="Verify_Login_Page" time="1.481"/>
</testsuite> <!-- test_cases.TC002_loginPage -->
