<?xml version="1.0" encoding="UTF-8"?>
<!-- Generated by org.testng.reporters.JUnitReportReporter -->
<testsuite hostname="DESKTOP-3RHD9BG" failures="0" tests="3" name="test_cases.TC002_loginPage" time="4.305" errors="0" timestamp="2025-11-20T21:46:49 IST" skipped="0">
  <testcase classname="test_cases.TC002_loginPage" name="Verify_Login_Page" time="1.418"/>
  <testcase classname="test_cases.TC002_loginPage" name="Verify_Login_Page" time="1.486"/>
  <testcase classname="test_cases.TC002_loginPage" name="Verify_Login_Page" time="1.401"/>
</testsuite> <!-- test_cases.TC002_loginPage -->
