<?xml version="1.0" encoding="UTF-8"?>
<!-- Generated by org.testng.reporters.JUnitReportReporter -->
<testsuite hostname="DESKTOP-3RHD9BG" failures="0" tests="3" name="test_cases.TC003_Verify_Search_button" time="7.802" errors="0" timestamp="2025-09-26T12:06:42 IST" skipped="0">
  <testcase classname="test_cases.TC003_Verify_Search_button" name="Verify_Login_Page" time="2.687"/>
  <testcase classname="test_cases.TC003_Verify_Search_button" name="Verify_Login_Page" time="2.868"/>
  <testcase classname="test_cases.TC003_Verify_Search_button" name="Verify_Login_Page" time="2.247"/>
</testsuite> <!-- test_cases.TC003_Verify_Search_button -->
