<?xml version="1.0" encoding="UTF-8"?>
<!-- Generated by org.testng.reporters.JUnitReportReporter -->
<testsuite hostname="DESKTOP-3RHD9BG" failures="0" tests="3" name="test_cases.TC003_Verify_Search_button" time="7.313" errors="0" timestamp="2025-11-20T21:46:49 IST" skipped="0">
  <testcase classname="test_cases.TC003_Verify_Search_button" name="Verify_Login_Page" time="2.317"/>
  <testcase classname="test_cases.TC003_Verify_Search_button" name="Verify_Login_Page" time="2.738"/>
  <testcase classname="test_cases.TC003_Verify_Search_button" name="Verify_Login_Page" time="2.258"/>
</testsuite> <!-- test_cases.TC003_Verify_Search_button -->
